[2016.04.01-10.21.55:671][  0]Log file open, 04/01/16 12:21:55
[2016.04.01-10.21.55:671][  0]LogInit:Display: Running engine for game: PP5Uebung1
[2016.04.01-10.21.55:671][  0]LogPlatformFile: Not using cached read wrapper
[2016.04.01-10.21.55:671][  0]LogInit:Display: RandInit(646844671) SRandInit(646844671).
[2016.04.01-10.21.55:671][  0]LogTaskGraph: Started task graph with 4 named threads and 7 total threads.
[2016.04.01-10.21.55:671][  0]LogStats: Stats thread started at 0.066002
[2016.04.01-10.21.55:671][  0]LogInit: Version: 4.10.2-2818068+++depot+UE4-Releases+4.10
[2016.04.01-10.21.55:671][  0]LogInit: API Version: 2758231
[2016.04.01-10.21.55:671][  0]LogInit: Compiled (64-bit): Jan  6 2016 17:36:42
[2016.04.01-10.21.55:671][  0]LogInit: Compiled with Visual C++: 19.00.23026.00
[2016.04.01-10.21.55:671][  0]LogInit: Build Configuration: Development
[2016.04.01-10.21.55:671][  0]LogInit: Branch Name: ++depot+UE4-Releases+4.10
[2016.04.01-10.21.55:671][  0]LogInit: Command line:  /Temp/Autosaves/Game/UEDPCMainMap -game -PIEVIACONSOLE -ResX=1280 -ResY=720  -Multiprocess 
[2016.04.01-10.21.55:671][  0]LogInit: Base directory: D:/Program Files/Unreal Engine/4.10/Engine/Binaries/Win64/
[2016.04.01-10.21.55:671][  0]LogInit: Rocket: 1
[2016.04.01-10.21.55:676][  0]LogInit: Using libcurl 7.41.0
[2016.04.01-10.21.55:676][  0]LogInit:  - built for x86_64-pc-win32
[2016.04.01-10.21.55:676][  0]LogInit:  - supports SSL with WinSSL
[2016.04.01-10.21.55:676][  0]LogInit:  - other features:
[2016.04.01-10.21.55:676][  0]LogInit:      CURL_VERSION_SSL
[2016.04.01-10.21.55:676][  0]LogInit:      CURL_VERSION_IPV6
[2016.04.01-10.21.55:676][  0]LogInit:      CURL_VERSION_ASYNCHDNS
[2016.04.01-10.21.55:676][  0]LogInit:      CURL_VERSION_LARGEFILE
[2016.04.01-10.21.55:676][  0]LogInit:      CURL_VERSION_IDN
[2016.04.01-10.21.55:676][  0]LogInit:  CurlRequestOptions (configurable via config and command line):
[2016.04.01-10.21.55:676][  0]LogInit:  - bVerifyPeer = true  - Libcurl will verify peer certificate
[2016.04.01-10.21.55:676][  0]LogInit:  - bUseHttpProxy = false  - Libcurl will NOT use HTTP proxy
[2016.04.01-10.21.55:676][  0]LogInit:  - bDontReuseConnections = false  - Libcurl will reuse connections
[2016.04.01-10.21.55:676][  0]LogInit:  - CertBundlePath = nullptr  - Libcurl will use whatever was configured at build time.
[2016.04.01-10.21.55:680][  0]LogInit: Presizing for 0 objects not considered by GC, pre-allocating 0 bytes.
[2016.04.01-10.21.55:686][  0]LogInit: Object subsystem initialized
[2016.04.01-10.21.55:687][  0]LogInit: Selected Device Profile: [Windows]
[2016.04.01-10.21.55:687][  0]LogInit: Applying CVar settings loaded from the selected device profile: [Windows]
[2016.04.01-10.21.55:688][  0]LogInit: Computer: HH-WS-18
[2016.04.01-10.21.55:688][  0]LogInit: User: Student
[2016.04.01-10.21.55:688][  0]LogInit: CPU Page size=4096, Cores=4
[2016.04.01-10.21.55:688][  0]LogInit: High frequency timer resolution =2.338345 MHz
[2016.04.01-10.21.55:688][  0]LogMemory: Memory total: Physical=15.9GB (16GB approx)
[2016.04.01-10.21.55:689][  0]LogMemory: Platform Memory Stats for Windows
[2016.04.01-10.21.55:689][  0]LogMemory: Process Physical Memory: 54.50 MB used, 54.50 MB peak
[2016.04.01-10.21.55:689][  0]LogMemory: Process Virtual Memory: 58.63 MB used, 58.63 MB peak
[2016.04.01-10.21.55:689][  0]LogMemory: Physical Memory: 4873.73 MB used, 16306.39 MB total
[2016.04.01-10.21.55:689][  0]LogMemory: Virtual Memory: 368.00 MB used, 134217728.00 MB total
[2016.04.01-10.21.55:716][  0]LogTextLocalizationManager: No translations for ('de-DE') exist, falling back to 'en' for localization and internationalization data.
[2016.04.01-10.21.56:039][  0]LogD3D11RHI: Found D3D11 adapter 0: NVIDIA GeForce GTX 880M (Feature Level 11_0)
[2016.04.01-10.21.56:039][  0]LogD3D11RHI: Adapter has 8069MB of dedicated video memory, 0MB of dedicated system memory, and 8153MB of shared system memory, 1 output[s]
[2016.04.01-10.21.56:046][  0]LogD3D11RHI: Found D3D11 adapter 1: Intel(R) Iris(TM) Pro Graphics 5200 (Feature Level 11_0)
[2016.04.01-10.21.56:046][  0]LogD3D11RHI: Adapter has 0MB of dedicated video memory, 0MB of dedicated system memory, and 1792MB of shared system memory, 0 output[s]
[2016.04.01-10.21.56:047][  0]LogD3D11RHI: Found D3D11 adapter 2: Microsoft Basic Render Driver (Feature Level 11_0)
[2016.04.01-10.21.56:047][  0]LogD3D11RHI: Adapter has 0MB of dedicated video memory, 0MB of dedicated system memory, and 256MB of shared system memory, 0 output[s]
[2016.04.01-10.21.56:047][  0]LogD3D11RHI: Chosen D3D11 Adapter Id = 0
[2016.04.01-10.21.56:051][  0]LogD3D11RHI: !Direct3DDevice
[2016.04.01-10.21.56:051][  0]LogRHI: Texture pool is 1361 MB (70% of 1945 MB)
[2016.04.01-10.21.56:061][  0]LogD3D11RHI: Async texture creation enabled
[2016.04.01-10.21.56:077][  0]LogShaderCompilers: Guid format shader working directory is -15 characters bigger than the processId version (C:/Users/Student/Documents/PraktischeUebung5/uebung1/PP5Uebung1/Intermediate/Shaders/WorkingDirectory/6720/).
[2016.04.01-10.21.56:077][  0]LogShaderCompilers: Cleaned the shader compiler working directory 'C:/Users/Student/AppData/Local/Temp/UnrealShaderWorkingDir/02D9259543435B3E41D175912649C757/'.
[2016.04.01-10.21.56:077][  0]LogShaderCompilers:Display: Using Local Shader Compiler.
[2016.04.01-10.21.56:703][  0]LogTemp:Display: Loaded TP AllDesktopTargetPlatform
[2016.04.01-10.21.56:706][  0]LogTemp:Display: Loaded TP WindowsClientTargetPlatform
[2016.04.01-10.21.56:709][  0]LogTemp:Display: Loaded TP WindowsNoEditorTargetPlatform
[2016.04.01-10.21.56:712][  0]LogTemp:Display: Loaded TP WindowsServerTargetPlatform
[2016.04.01-10.21.56:714][  0]LogTemp:Display: Loaded TP WindowsTargetPlatform
[2016.04.01-10.21.56:716][  0]LogTemp:Display: Loaded TP AndroidTargetPlatform
[2016.04.01-10.21.56:718][  0]LogTemp:Display: Loaded TP Android_ASTCTargetPlatform
[2016.04.01-10.21.56:720][  0]LogTemp:Display: Loaded TP Android_ATCTargetPlatform
[2016.04.01-10.21.56:722][  0]LogTemp:Display: Loaded TP Android_DXTTargetPlatform
[2016.04.01-10.21.56:724][  0]LogTemp:Display: Loaded TP Android_ETC1TargetPlatform
[2016.04.01-10.21.56:726][  0]LogTemp:Display: Loaded TP Android_ETC2TargetPlatform
[2016.04.01-10.21.56:731][  0]LogTemp:Display: Loaded TP Android_MultiTargetPlatform
[2016.04.01-10.21.56:731][  0]LogTemp:Display: Loaded TP Android_PVRTCTargetPlatform
[2016.04.01-10.21.56:731][  0]LogTemp:Display: Loaded TP HTML5TargetPlatform
[2016.04.01-10.21.56:746][  0]LogTemp:Display: Loaded TP IOSTargetPlatform
[2016.04.01-10.21.56:748][  0]LogTemp:Display: Loaded TP LinuxNoEditorTargetPlatform
[2016.04.01-10.21.56:750][  0]LogTemp:Display: Loaded TP LinuxServerTargetPlatform
[2016.04.01-10.21.56:752][  0]LogTemp:Display: Loaded TP LinuxTargetPlatform
[2016.04.01-10.21.56:752][  0]LogTargetPlatformManager:Display: Building Assets For Windows
[2016.04.01-10.21.56:797][  0]LogDerivedDataCache:Display: Max Cache Size: 512 MB
[2016.04.01-10.21.56:832][  0]LogDerivedDataCache: Loaded boot cache 0.04s 41MB C:/Users/Student/AppData/Local/UnrealEngine/4.10/DerivedDataCache/Boot.ddc.
[2016.04.01-10.21.56:832][  0]LogDerivedDataCache:Display: Loaded Boot cache: C:/Users/Student/AppData/Local/UnrealEngine/4.10/DerivedDataCache/Boot.ddc
[2016.04.01-10.21.56:832][  0]LogDerivedDataCache: FDerivedDataBackendGraph:  Pak pak cache file C:/Users/Student/Documents/PraktischeUebung5/uebung1/PP5Uebung1/DerivedDataCache/DDC.ddp not found, will not use a pak cache.
[2016.04.01-10.21.56:832][  0]LogDerivedDataCache: Unable to find inner node Pak for hierarchical cache Hierarchy.
[2016.04.01-10.21.56:833][  0]LogDerivedDataCache: FDerivedDataBackendGraph:  CompressedPak pak cache file C:/Users/Student/Documents/PraktischeUebung5/uebung1/PP5Uebung1/DerivedDataCache/Compressed.ddp not found, will not use a pak cache.
[2016.04.01-10.21.56:833][  0]LogDerivedDataCache: Unable to find inner node CompressedPak for hierarchical cache Hierarchy.
[2016.04.01-10.21.56:882][  0]LogDerivedDataCache:Display: Pak cache opened for reading ../../../Engine/DerivedDataCache/Compressed.ddp.
[2016.04.01-10.21.56:894][  0]LogDerivedDataCache: Using Local data cache path C:/Users/Student/AppData/Local/UnrealEngine/Common/DerivedDataCache: Writable
[2016.04.01-10.21.57:027][  0]LogInit: Selected Device Profile: [Windows]
[2016.04.01-10.21.57:027][  0]LogContentStreaming: Texture pool size is 1000.000000MB
[2016.04.01-10.21.57:108][  0]LogMeshUtilities: No automatic mesh reduction module available
[2016.04.01-10.21.57:108][  0]LogMeshUtilities: No automatic mesh merging module available
[2016.04.01-10.21.57:304][  0]LogInit: WinSock: version 1.1 (2.2), MaxSocks=32767, MaxUdp=65467
[2016.04.01-10.21.57:440][  0]LogWindowsMoviePlayer: Unable to load movie: C:/Users/Student/Documents/PraktischeUebung5/uebung1/PP5Uebung1/Content/Movies/Default_Startup.mp4
[2016.04.01-10.21.57:508][  0]LogAssetRegistry: FAssetRegistry took 0.0001 seconds to start up
[2016.04.01-10.21.57:527][  0]SourceControl: Info Source control is disabled
[2016.04.01-10.21.57:527][  0]SourceControl: Info Source control is disabled
[2016.04.01-10.21.57:533][  0]SourceControl: Info Source control is disabled
[2016.04.01-10.21.57:623][  0]LogObj: 28081 objects as part of root set at end of initial load.
[2016.04.01-10.21.57:623][  0]LogUObjectAllocator: 5861432 out of 0 bytes used by permanent object pool.
[2016.04.01-10.21.57:668][  0]LogEngine: Initializing Engine...
[2016.04.01-10.21.57:669][  0]LogHMD: Can't find Oculus library dev build: is proper Runtime installed? Version: 0.8.0.0
[2016.04.01-10.21.57:670][  0]LogHMD: SteamVR failed to initialize.  Err: 110
[2016.04.01-10.21.57:752][  0]LogInit: XAudio2 using 'Speakers (Realtek High Definition Audio)' : 2 channels at 48 kHz using 32 bits per sample (channel mask 0x3)
[2016.04.01-10.21.57:758][  0]LogInit: FAudioDevice initialized.
[2016.04.01-10.21.57:760][  0]LogInit: Texture streaming: Enabled
[2016.04.01-10.21.57:813][  0]LogNet: Browse: /Temp/Autosaves/Game/UEDPCMainMap?Name=Player
[2016.04.01-10.21.57:818][  0]LogLoad: LoadMap: /Temp/Autosaves/Game/UEDPCMainMap?Name=Player
[2016.04.01-10.21.57:830][  0]LogParticles: Destroying 0 GPU particle simulations for FXSystem 0x000000ED745BBB00
[2016.04.01-10.21.57:839][  0]LogMemory: Platform Memory Stats for Windows
[2016.04.01-10.21.57:839][  0]LogMemory: Process Physical Memory: 386.38 MB used, 386.38 MB peak
[2016.04.01-10.21.57:839][  0]LogMemory: Process Virtual Memory: 349.00 MB used, 349.00 MB peak
[2016.04.01-10.21.57:839][  0]LogMemory: Physical Memory: 5147.30 MB used, 16306.39 MB total
[2016.04.01-10.21.57:839][  0]LogMemory: Virtual Memory: 886.17 MB used, 134217728.00 MB total
[2016.04.01-10.21.57:839][  0]LogMemory: 
[2016.04.01-10.21.57:839][  0]Allocator Stats for TBB: (not implemented)
[2016.04.01-10.21.57:974][  0]LogAIModule: Creating AISystem for world MainMap
[2016.04.01-10.21.58:008][  0]LogWorld: Game class is 'GameModeBlueprint_C'
[2016.04.01-10.21.58:013][  0]LogWorld: Bringing World /Temp/Autosaves/Game/UEDPCMainMap.MainMap up for play (max tick rate 0) at 2016.04.01-12.21.58
[2016.04.01-10.21.58:014][  0]LogWorld: Bringing up level for play took: 0.004738
[2016.04.01-10.21.58:017][  0]LogInit:Display: Game Engine Initialized.
[2016.04.01-10.21.58:226][  0]LogLoad: Full Startup: 2.96 seconds (BP compile: 0.04 seconds)
[2016.04.01-10.21.58:242][  0]LogWindowsTextInputMethodSystem:Display: IME system now deactivated.
[2016.04.01-10.21.58:243][  0]LogWindowsTextInputMethodSystem:Display: IME system now deactivated.
[2016.04.01-10.21.58:245][  0]LogOcInput: Can't find Oculus library dev build: is proper Runtime installed? Version: 0.8.0.0
[2016.04.01-10.21.58:333][  2]LogRenderer: Reallocating scene render targets to support 1280x720 (Frame:2).
[2016.04.01-10.22.07:528][568]LogWindowsTextInputMethodSystem:Display: IME system now deactivated.
[2016.04.01-10.22.07:528][568]LogWindowsTextInputMethodSystem:Display: IME system now deactivated.
[2016.04.01-10.22.07:531][568]LogEngine: All Windows Closed
[2016.04.01-10.22.07:531][568]LogWindows: FPlatformMisc::RequestExit(0)
[2016.04.01-10.22.07:678][569]LogExit: Preparing to exit.
[2016.04.01-10.22.07:752][569]LogExit: Game engine shut down
[2016.04.01-10.22.07:752][569]LogParticles: Destroying 0 GPU particle simulations for FXSystem 0x000000ED66FE1C60
[2016.04.01-10.22.07:858][569]LogExit: Object subsystem successfully closed.
[2016.04.01-10.22.07:871][569]LogD3D11RHI: Shutdown
[2016.04.01-10.22.07:871][569]LogD3D11RHI: CleanupD3DDevice
[2016.04.01-10.22.07:898][569]LogD3D11RHI: ~FD3D11DynamicRHI
[2016.04.01-10.22.07:903][569]LogModuleManager: Shutting down and abandoning module AndroidDeviceDetection (120)
[2016.04.01-10.22.08:237][569]LogModuleManager: Shutting down and abandoning module AutomationController (119)
[2016.04.01-10.22.08:237][569]LogModuleManager: Shutting down and abandoning module AutomationWorker (118)
[2016.04.01-10.22.08:237][569]LogModuleManager: Shutting down and abandoning module CharacterAI (117)
[2016.04.01-10.22.08:237][569]LogModuleManager: Shutting down and abandoning module AITestSuite (116)
[2016.04.01-10.22.08:237][569]LogModuleManager: Shutting down and abandoning module GameplayDebugger (115)
[2016.04.01-10.22.08:237][569]LogModuleManager: Shutting down and abandoning module AIModule (114)
[2016.04.01-10.22.08:237][569]LogModuleManager: Shutting down and abandoning module MovieSceneCapture (113)
[2016.04.01-10.22.08:237][569]LogModuleManager: Shutting down and abandoning module GameLiveStreaming (112)
[2016.04.01-10.22.08:237][569]LogModuleManager: Shutting down and abandoning module StreamingPauseRendering (111)
[2016.04.01-10.22.08:237][569]LogModuleManager: Shutting down and abandoning module ProfilerService (110)
[2016.04.01-10.22.08:398][569]LogModuleManager: Shutting down and abandoning module TaskGraph (109)
[2016.04.01-10.22.08:398][569]LogModuleManager: Shutting down and abandoning module SlateRemote (108)
[2016.04.01-10.22.08:398][569]LogModuleManager: Shutting down and abandoning module SteamVRController (107)
[2016.04.01-10.22.08:398][569]LogModuleManager: Shutting down and abandoning module SteamVR (106)
[2016.04.01-10.22.08:398][569]LogModuleManager: Shutting down and abandoning module ProceduralMeshComponent (105)
[2016.04.01-10.22.08:398][569]LogModuleManager: Shutting down and abandoning module OculusLibrary (104)
[2016.04.01-10.22.08:398][569]LogModuleManager: Shutting down and abandoning module OculusInput (103)
[2016.04.01-10.22.08:398][569]LogModuleManager: Shutting down and abandoning module LeapMotionController (102)
[2016.04.01-10.22.08:408][569]LogModuleManager: Shutting down and abandoning module CustomMeshComponent (101)
[2016.04.01-10.22.08:408][569]LogModuleManager: Shutting down and abandoning module CableComponent (100)
[2016.04.01-10.22.08:408][569]LogModuleManager: Shutting down and abandoning module ArchVisCharacter (99)
[2016.04.01-10.22.08:408][569]LogModuleManager: Shutting down and abandoning module HTML5Networking (98)
[2016.04.01-10.22.08:408][569]LogModuleManager: Shutting down and abandoning module DesktopPlatform (97)
[2016.04.01-10.22.08:408][569]LogModuleManager: Shutting down and abandoning module DirectoryWatcher (96)
[2016.04.01-10.22.08:408][569]LogModuleManager: Shutting down and abandoning module HotReload (95)
[2016.04.01-10.22.08:408][569]LogModuleManager: Shutting down and abandoning module VisualStudioSourceCodeAccess (94)
[2016.04.01-10.22.08:408][569]LogModuleManager: Shutting down and abandoning module UObjectPlugin (93)
[2016.04.01-10.22.08:408][569]LogModuleManager: Shutting down and abandoning module SubversionSourceControl (92)
[2016.04.01-10.22.08:408][569]LogModuleManager: Shutting down and abandoning module SourceControl (91)
[2016.04.01-10.22.08:408][569]LogModuleManager: Shutting down and abandoning module PerforceSourceControl (90)
[2016.04.01-10.22.08:408][569]LogModuleManager: Shutting down and abandoning module PP5Uebung1 (89)
[2016.04.01-10.22.08:408][569]LogModuleManager: Shutting down and abandoning module UdpMessaging (88)
[2016.04.01-10.22.08:408][569]LogModuleManager: Shutting down and abandoning module AssetRegistry (87)
[2016.04.01-10.22.08:408][569]LogModuleManager: Shutting down and abandoning module SubstanceCore (86)
[2016.04.01-10.22.08:408][569]LogModuleManager: Shutting down and abandoning module LightPropagationVolumeRuntime (85)
[2016.04.01-10.22.08:408][569]LogModuleManager: Shutting down and abandoning module Paper2D (84)
[2016.04.01-10.22.08:408][569]LogModuleManager: Shutting down and abandoning module WindowsMoviePlayer (83)
[2016.04.01-10.22.08:410][569]LogModuleManager: Shutting down and abandoning module Media (82)
[2016.04.01-10.22.08:410][569]LogModuleManager: Shutting down and abandoning module WmfMedia (81)
[2016.04.01-10.22.08:410][569]LogModuleManager: Shutting down and abandoning module OnlineBlueprintSupport (80)
[2016.04.01-10.22.08:410][569]LogModuleManager: Shutting down and abandoning module GameplayTasksEditor (79)
[2016.04.01-10.22.08:410][569]LogModuleManager: Shutting down and abandoning module PropertyEditor (78)
[2016.04.01-10.22.08:410][569]LogModuleManager: Shutting down and abandoning module BehaviorTreeEditor (77)
[2016.04.01-10.22.08:410][569]LogModuleManager: Shutting down and abandoning module FunctionalTesting (76)
[2016.04.01-10.22.08:410][569]LogModuleManager: Shutting down and abandoning module CollisionAnalyzer (75)
[2016.04.01-10.22.08:410][569]LogModuleManager: Shutting down and abandoning module WorkspaceMenuStructure (74)
[2016.04.01-10.22.08:410][569]LogModuleManager: Shutting down and abandoning module MessageLog (73)
[2016.04.01-10.22.08:410][569]LogModuleManager: Shutting down and abandoning module Sequencer (72)
[2016.04.01-10.22.08:410][569]LogModuleManager: Shutting down and abandoning module AssetTools (71)
[2016.04.01-10.22.08:410][569]LogModuleManager: Shutting down and abandoning module UMGEditor (70)
[2016.04.01-10.22.08:410][569]LogModuleManager: Shutting down and abandoning module UMG (69)
[2016.04.01-10.22.08:410][569]LogModuleManager: Shutting down and abandoning module Slate (68)
[2016.04.01-10.22.08:410][569]LogModuleManager: Shutting down and abandoning module EditorStyle (67)
[2016.04.01-10.22.08:411][569]LogModuleManager: Shutting down and abandoning module SessionServices (66)
[2016.04.01-10.22.08:411][569]LogModuleManager: Shutting down and abandoning module SourceCodeAccess (65)
[2016.04.01-10.22.08:411][569]LogModuleManager: Shutting down and abandoning module HeadMountedDisplay (64)
[2016.04.01-10.22.08:411][569]LogModuleManager: Shutting down and abandoning module XAudio2 (63)
[2016.04.01-10.22.08:411][569]LogModuleManager: Shutting down and abandoning module Networking (61)
[2016.04.01-10.22.08:411][569]LogModuleManager: Shutting down and abandoning module Core (60)
[2016.04.01-10.22.08:411][569]LogModuleManager: Shutting down and abandoning module KismetCompiler (59)
[2016.04.01-10.22.08:411][569]LogModuleManager: Shutting down and abandoning module PhysXFormats (58)
[2016.04.01-10.22.08:411][569]LogModuleManager: Shutting down and abandoning module MeshUtilities (57)
[2016.04.01-10.22.08:411][569]LogModuleManager: Shutting down and abandoning module DerivedDataCache (56)
[2016.04.01-10.22.08:896][569]LogDerivedDataCache: Shutdown
[2016.04.01-10.22.08:896][569]LogModuleManager: Shutting down and abandoning module ShaderFormatOpenGL (55)
[2016.04.01-10.22.08:896][569]LogModuleManager: Shutting down and abandoning module ShaderFormatD3D (54)
[2016.04.01-10.22.08:896][569]LogModuleManager: Shutting down and abandoning module MetalShaderFormat (53)
[2016.04.01-10.22.08:896][569]LogModuleManager: Shutting down and abandoning module TextureFormatUncompressed (52)
[2016.04.01-10.22.08:896][569]LogModuleManager: Shutting down and abandoning module TextureFormatPVR (51)
[2016.04.01-10.22.08:896][569]LogModuleManager: Shutting down and abandoning module TextureFormatIntelISPCTexComp (50)
[2016.04.01-10.22.08:896][569]LogModuleManager: Shutting down and abandoning module TextureFormatDXT (49)
[2016.04.01-10.22.08:896][569]LogModuleManager: Shutting down and abandoning module ImageWrapper (48)
[2016.04.01-10.22.08:896][569]LogModuleManager: Shutting down and abandoning module TextureFormatASTC (47)
[2016.04.01-10.22.08:896][569]LogModuleManager: Shutting down and abandoning module TextureFormatAndroid (46)
[2016.04.01-10.22.08:896][569]LogModuleManager: Shutting down and abandoning module AudioFormatOpus (45)
[2016.04.01-10.22.08:896][569]LogModuleManager: Shutting down and abandoning module AudioFormatOgg (44)
[2016.04.01-10.22.08:896][569]LogModuleManager: Shutting down and abandoning module AudioFormatADPCM (43)
[2016.04.01-10.22.08:896][569]LogModuleManager: Shutting down and abandoning module LinuxTargetPlatform (42)
[2016.04.01-10.22.08:896][569]LogModuleManager: Shutting down and abandoning module LinuxServerTargetPlatform (41)
[2016.04.01-10.22.08:896][569]LogModuleManager: Shutting down and abandoning module LinuxNoEditorTargetPlatform (40)
[2016.04.01-10.22.08:896][569]LogModuleManager: Shutting down and abandoning module Messaging (39)
[2016.04.01-10.22.08:896][569]LogModuleManager: Shutting down and abandoning module IOSTargetPlatform (38)
[2016.04.01-10.22.08:896][569]LogModuleManager: Shutting down and abandoning module HTML5TargetPlatform (37)
[2016.04.01-10.22.08:896][569]LogModuleManager: Shutting down and abandoning module Android_PVRTCTargetPlatform (36)
[2016.04.01-10.22.08:896][569]LogModuleManager: Shutting down and abandoning module Android_MultiTargetPlatform (35)
[2016.04.01-10.22.08:896][569]LogModuleManager: Shutting down and abandoning module Android_ETC2TargetPlatform (34)
[2016.04.01-10.22.08:896][569]LogModuleManager: Shutting down and abandoning module Android_ETC1TargetPlatform (33)
[2016.04.01-10.22.08:896][569]LogModuleManager: Shutting down and abandoning module Android_DXTTargetPlatform (32)
[2016.04.01-10.22.08:896][569]LogModuleManager: Shutting down and abandoning module Android_ATCTargetPlatform (31)
[2016.04.01-10.22.08:896][569]LogModuleManager: Shutting down and abandoning module Android_ASTCTargetPlatform (30)
[2016.04.01-10.22.08:896][569]LogModuleManager: Shutting down and abandoning module AndroidTargetPlatform (29)
[2016.04.01-10.22.08:896][569]LogModuleManager: Shutting down and abandoning module WindowsTargetPlatform (28)
[2016.04.01-10.22.08:896][569]LogModuleManager: Shutting down and abandoning module WindowsServerTargetPlatform (27)
[2016.04.01-10.22.08:896][569]LogModuleManager: Shutting down and abandoning module WindowsNoEditorTargetPlatform (26)
[2016.04.01-10.22.08:896][569]LogModuleManager: Shutting down and abandoning module WindowsClientTargetPlatform (25)
[2016.04.01-10.22.08:896][569]LogModuleManager: Shutting down and abandoning module AllDesktopTargetPlatform (24)
[2016.04.01-10.22.08:896][569]LogModuleManager: Shutting down and abandoning module TargetPlatform (23)
[2016.04.01-10.22.08:896][569]LogModuleManager: Shutting down and abandoning module InputCore (22)
[2016.04.01-10.22.08:896][569]LogModuleManager: Shutting down and abandoning module Settings (21)
[2016.04.01-10.22.08:896][569]LogModuleManager: Shutting down and abandoning module OnlineSubsystem (19)
[2016.04.01-10.22.08:896][569]LogModuleManager: Shutting down and abandoning module HTTP (18)
[2016.04.01-10.22.08:896][569]LogModuleManager: Shutting down and abandoning module XMPP (17)
[2016.04.01-10.22.08:896][569]LogModuleManager: Shutting down and abandoning module OculusRift (16)
[2016.04.01-10.22.08:896][569]LogModuleManager: Shutting down and abandoning module ExampleDeviceProfileSelector (15)
[2016.04.01-10.22.08:896][569]LogModuleManager: Shutting down and abandoning module TextureCompressor (14)
[2016.04.01-10.22.08:896][569]LogModuleManager: Shutting down and abandoning module ShaderCore (13)
[2016.04.01-10.22.08:896][569]LogModuleManager: Shutting down and abandoning module Landscape (12)
[2016.04.01-10.22.08:897][569]LogModuleManager: Shutting down and abandoning module SlateRHIRenderer (11)
[2016.04.01-10.22.08:897][569]LogModuleManager: Shutting down and abandoning module OpenGLDrv (10)
[2016.04.01-10.22.08:897][569]LogModuleManager: Shutting down and abandoning module D3D11RHI (9)
[2016.04.01-10.22.08:897][569]LogModuleManager: Shutting down and abandoning module AnimGraphRuntime (8)
[2016.04.01-10.22.08:897][569]LogModuleManager: Shutting down and abandoning module Renderer (7)
[2016.04.01-10.22.08:897][569]LogModuleManager: Shutting down and abandoning module Engine (6)
[2016.04.01-10.22.08:897][569]LogModuleManager: Shutting down and abandoning module CoreUObject (5)
[2016.04.01-10.22.08:897][569]LogModuleManager: Shutting down and abandoning module NetworkFile (4)
[2016.04.01-10.22.08:897][569]LogModuleManager: Shutting down and abandoning module StreamingFile (3)
[2016.04.01-10.22.08:897][569]LogModuleManager: Shutting down and abandoning module SandboxFile (2)
[2016.04.01-10.22.08:897][569]LogModuleManager: Shutting down and abandoning module PakFile (1)
[2016.04.01-10.22.08:897][569]LogExit: Exiting.
[2016.04.01-10.22.08:898][569]Log file closed, 04/01/16 12:22:08
