[2016.03.31-16.14.42:686][  0]Log file open, 03/31/16 18:14:42
[2016.03.31-16.14.42:686][  0]LogInit:Display: Running engine for game: PP5Uebung1
[2016.03.31-16.14.42:686][  0]LogPlatformFile: Not using cached read wrapper
[2016.03.31-16.14.42:686][  0]LogInit:Display: RandInit(-1083799582) SRandInit(-1083799581).
[2016.03.31-16.14.42:686][  0]LogTaskGraph: Started task graph with 4 named threads and 7 total threads.
[2016.03.31-16.14.42:686][  0]LogStats: Stats thread started at 0.072858
[2016.03.31-16.14.42:686][  0]LogInit: Version: 4.10.2-2818068+++depot+UE4-Releases+4.10
[2016.03.31-16.14.42:686][  0]LogInit: API Version: 2758231
[2016.03.31-16.14.42:686][  0]LogInit: Compiled (64-bit): Jan  6 2016 17:36:42
[2016.03.31-16.14.42:686][  0]LogInit: Compiled with Visual C++: 19.00.23026.00
[2016.03.31-16.14.42:686][  0]LogInit: Build Configuration: Development
[2016.03.31-16.14.42:686][  0]LogInit: Branch Name: ++depot+UE4-Releases+4.10
[2016.03.31-16.14.42:686][  0]LogInit: Command line: 
[2016.03.31-16.14.42:686][  0]LogInit: Base directory: D:/Program Files/Unreal Engine/4.10/Engine/Binaries/Win64/
[2016.03.31-16.14.42:686][  0]LogInit: Rocket: 1
[2016.03.31-16.14.42:692][  0]LogInit: Using libcurl 7.41.0
[2016.03.31-16.14.42:692][  0]LogInit:  - built for x86_64-pc-win32
[2016.03.31-16.14.42:693][  0]LogInit:  - supports SSL with WinSSL
[2016.03.31-16.14.42:693][  0]LogInit:  - other features:
[2016.03.31-16.14.42:693][  0]LogInit:      CURL_VERSION_SSL
[2016.03.31-16.14.42:693][  0]LogInit:      CURL_VERSION_IPV6
[2016.03.31-16.14.42:693][  0]LogInit:      CURL_VERSION_ASYNCHDNS
[2016.03.31-16.14.42:693][  0]LogInit:      CURL_VERSION_LARGEFILE
[2016.03.31-16.14.42:693][  0]LogInit:      CURL_VERSION_IDN
[2016.03.31-16.14.42:693][  0]LogInit:  CurlRequestOptions (configurable via config and command line):
[2016.03.31-16.14.42:693][  0]LogInit:  - bVerifyPeer = true  - Libcurl will verify peer certificate
[2016.03.31-16.14.42:693][  0]LogInit:  - bUseHttpProxy = false  - Libcurl will NOT use HTTP proxy
[2016.03.31-16.14.42:693][  0]LogInit:  - bDontReuseConnections = false  - Libcurl will reuse connections
[2016.03.31-16.14.42:693][  0]LogInit:  - CertBundlePath = nullptr  - Libcurl will use whatever was configured at build time.
[2016.03.31-16.14.42:700][  0]LogInit: Presizing for 0 objects not considered by GC, pre-allocating 0 bytes.
[2016.03.31-16.14.42:708][  0]LogInit: Object subsystem initialized
[2016.03.31-16.14.42:709][  0]LogInit: Selected Device Profile: [Windows]
[2016.03.31-16.14.42:709][  0]LogInit: Applying CVar settings loaded from the selected device profile: [Windows]
[2016.03.31-16.14.42:722][  0]LogInit: Computer: HH-WS-15
[2016.03.31-16.14.42:722][  0]LogInit: User: Student
[2016.03.31-16.14.42:722][  0]LogInit: CPU Page size=4096, Cores=4
[2016.03.31-16.14.42:722][  0]LogInit: High frequency timer resolution =2.338345 MHz
[2016.03.31-16.14.42:722][  0]LogMemory: Memory total: Physical=15.9GB (16GB approx)
[2016.03.31-16.14.42:722][  0]LogMemory: Platform Memory Stats for Windows
[2016.03.31-16.14.42:722][  0]LogMemory: Process Physical Memory: 54.84 MB used, 54.84 MB peak
[2016.03.31-16.14.42:722][  0]LogMemory: Process Virtual Memory: 58.70 MB used, 58.70 MB peak
[2016.03.31-16.14.42:722][  0]LogMemory: Physical Memory: 8077.20 MB used, 16306.39 MB total
[2016.03.31-16.14.42:722][  0]LogMemory: Virtual Memory: 364.09 MB used, 134217728.00 MB total
[2016.03.31-16.14.42:752][  0]LogTextLocalizationManager: No translations for ('de-DE') exist, falling back to 'en' for localization and internationalization data.
[2016.03.31-16.14.43:229][  0]LogD3D11RHI: Found D3D11 adapter 0: NVIDIA GeForce GTX 880M (Feature Level 11_0)
[2016.03.31-16.14.43:229][  0]LogD3D11RHI: Adapter has 8069MB of dedicated video memory, 0MB of dedicated system memory, and 8153MB of shared system memory, 1 output[s]
[2016.03.31-16.14.43:236][  0]LogD3D11RHI: Found D3D11 adapter 1: Intel(R) Iris(TM) Pro Graphics 5200 (Feature Level 11_0)
[2016.03.31-16.14.43:236][  0]LogD3D11RHI: Adapter has 0MB of dedicated video memory, 0MB of dedicated system memory, and 1792MB of shared system memory, 0 output[s]
[2016.03.31-16.14.43:237][  0]LogD3D11RHI: Found D3D11 adapter 2: Microsoft Basic Render Driver (Feature Level 11_0)
[2016.03.31-16.14.43:237][  0]LogD3D11RHI: Adapter has 0MB of dedicated video memory, 0MB of dedicated system memory, and 256MB of shared system memory, 0 output[s]
[2016.03.31-16.14.43:237][  0]LogD3D11RHI: Chosen D3D11 Adapter Id = 0
[2016.03.31-16.14.43:247][  0]LogD3D11RHI: !Direct3DDevice
[2016.03.31-16.14.43:247][  0]LogRHI: Texture pool is 1361 MB (70% of 1945 MB)
[2016.03.31-16.14.43:261][  0]LogD3D11RHI: Async texture creation enabled
[2016.03.31-16.14.43:276][  0]LogShaderCompilers: Guid format shader working directory is -16 characters bigger than the processId version (C:/Users/Student/Documents/PraktischeUebung5/uebung1/PP5Uebung1/Intermediate/Shaders/WorkingDirectory/85116/).
[2016.03.31-16.14.43:276][  0]LogShaderCompilers: Cleaned the shader compiler working directory 'C:/Users/Student/AppData/Local/Temp/UnrealShaderWorkingDir/2D0C7E554BF616FEF60B9FB5D997C5E9/'.
[2016.03.31-16.14.43:276][  0]LogShaderCompilers:Display: Using Local Shader Compiler.
[2016.03.31-16.14.43:890][  0]LogTemp:Display: Loaded TP AllDesktopTargetPlatform
[2016.03.31-16.14.43:893][  0]LogTemp:Display: Loaded TP WindowsClientTargetPlatform
[2016.03.31-16.14.43:896][  0]LogTemp:Display: Loaded TP WindowsNoEditorTargetPlatform
[2016.03.31-16.14.43:899][  0]LogTemp:Display: Loaded TP WindowsServerTargetPlatform
[2016.03.31-16.14.43:902][  0]LogTemp:Display: Loaded TP WindowsTargetPlatform
[2016.03.31-16.14.43:904][  0]LogTemp:Display: Loaded TP AndroidTargetPlatform
[2016.03.31-16.14.43:906][  0]LogTemp:Display: Loaded TP Android_ASTCTargetPlatform
[2016.03.31-16.14.43:908][  0]LogTemp:Display: Loaded TP Android_ATCTargetPlatform
[2016.03.31-16.14.43:910][  0]LogTemp:Display: Loaded TP Android_DXTTargetPlatform
[2016.03.31-16.14.43:913][  0]LogTemp:Display: Loaded TP Android_ETC1TargetPlatform
[2016.03.31-16.14.43:915][  0]LogTemp:Display: Loaded TP Android_ETC2TargetPlatform
[2016.03.31-16.14.43:920][  0]LogTemp:Display: Loaded TP Android_MultiTargetPlatform
[2016.03.31-16.14.43:920][  0]LogTemp:Display: Loaded TP Android_PVRTCTargetPlatform
[2016.03.31-16.14.43:920][  0]LogTemp:Display: Loaded TP HTML5TargetPlatform
[2016.03.31-16.14.43:934][  0]LogTemp:Display: Loaded TP IOSTargetPlatform
[2016.03.31-16.14.43:936][  0]LogTemp:Display: Loaded TP LinuxNoEditorTargetPlatform
[2016.03.31-16.14.43:938][  0]LogTemp:Display: Loaded TP LinuxServerTargetPlatform
[2016.03.31-16.14.43:941][  0]LogTemp:Display: Loaded TP LinuxTargetPlatform
[2016.03.31-16.14.43:941][  0]LogTargetPlatformManager:Display: Building Assets For Windows
[2016.03.31-16.14.43:989][  0]LogDerivedDataCache:Display: Max Cache Size: 512 MB
[2016.03.31-16.14.44:027][  0]LogDerivedDataCache: Loaded boot cache 0.04s 41MB C:/Users/Student/AppData/Local/UnrealEngine/4.10/DerivedDataCache/Boot.ddc.
[2016.03.31-16.14.44:027][  0]LogDerivedDataCache:Display: Loaded Boot cache: C:/Users/Student/AppData/Local/UnrealEngine/4.10/DerivedDataCache/Boot.ddc
[2016.03.31-16.14.44:027][  0]LogDerivedDataCache: FDerivedDataBackendGraph:  Pak pak cache file C:/Users/Student/Documents/PraktischeUebung5/uebung1/PP5Uebung1/DerivedDataCache/DDC.ddp not found, will not use a pak cache.
[2016.03.31-16.14.44:027][  0]LogDerivedDataCache: Unable to find inner node Pak for hierarchical cache Hierarchy.
[2016.03.31-16.14.44:027][  0]LogDerivedDataCache: FDerivedDataBackendGraph:  CompressedPak pak cache file C:/Users/Student/Documents/PraktischeUebung5/uebung1/PP5Uebung1/DerivedDataCache/Compressed.ddp not found, will not use a pak cache.
[2016.03.31-16.14.44:027][  0]LogDerivedDataCache: Unable to find inner node CompressedPak for hierarchical cache Hierarchy.
[2016.03.31-16.14.44:077][  0]LogDerivedDataCache:Display: Pak cache opened for reading ../../../Engine/DerivedDataCache/Compressed.ddp.
[2016.03.31-16.14.44:090][  0]LogDerivedDataCache: Using Local data cache path C:/Users/Student/AppData/Local/UnrealEngine/Common/DerivedDataCache: Writable
[2016.03.31-16.14.44:235][  0]LogInit: Selected Device Profile: [Windows]
[2016.03.31-16.14.44:237][  0]LogContentStreaming: Texture pool size is 0.000000MB
[2016.03.31-16.14.44:323][  0]LogMeshUtilities: No automatic mesh reduction module available
[2016.03.31-16.14.44:323][  0]LogMeshUtilities: No automatic mesh merging module available
[2016.03.31-16.14.44:518][  0]LogInit: WinSock: version 1.1 (2.2), MaxSocks=32767, MaxUdp=65467
[2016.03.31-16.14.45:116][  0]LogAssetRegistry: FAssetRegistry took 0.0115 seconds to start up
[2016.03.31-16.14.45:123][  0]UdpMessaging: Initializing bridge on interface 0.0.0.0:0 to multicast group 230.0.0.1:6666.
[2016.03.31-16.14.45:307][  0]SourceControl: Info Source control is disabled
[2016.03.31-16.14.45:336][  0]SourceControl: Info Source control is disabled
[2016.03.31-16.14.45:342][  0]SourceControl: Info Source control is disabled
[2016.03.31-16.14.45:349][  0]SourceControl: Info Source control is disabled
[2016.03.31-16.14.45:486][  0]LogObj: 28815 objects as part of root set at end of initial load.
[2016.03.31-16.14.45:486][  0]LogUObjectAllocator: 6139768 out of 0 bytes used by permanent object pool.
[2016.03.31-16.14.45:536][  0]LogEngine: Initializing Engine...
[2016.03.31-16.14.45:538][  0]LogHMD: Can't find Oculus library dev build: is proper Runtime installed? Version: 0.8.0.0
[2016.03.31-16.14.45:538][  0]LogHMD: SteamVR failed to initialize.  Err: 110
[2016.03.31-16.14.45:625][  0]LogAIModule: Creating AISystem for world NewWorld
[2016.03.31-16.14.45:628][  0]LogInit: XAudio2 using 'Speakers (Realtek High Definition Audio)' : 2 channels at 48 kHz using 32 bits per sample (channel mask 0x3)
[2016.03.31-16.14.45:634][  0]LogInit: FAudioDevice initialized.
[2016.03.31-16.14.45:652][  0]LogDerivedDataCache: Saved boot cache 0.02s 41MB C:/Users/Student/AppData/Local/UnrealEngine/4.10/DerivedDataCache/Boot.ddc.
[2016.03.31-16.14.45:656][  0]LogInit: Texture streaming: Enabled
[2016.03.31-16.14.45:659][  0]LogAnalytics: Creating configured Analytics provider AnalyticsET
[2016.03.31-16.14.45:659][  0]LogAnalytics: [UEEditor.Rocket.Release] APIServer = http://et2.epicgames.com/ET2/. AppVersion = 4.10.2-2818068+++depot+UE4-Releases+4.10
[2016.03.31-16.14.45:659][  0]LogAnalytics: [UEEditor.Rocket.Release] SetUserId d21b60f0409136f5f2ff2f8aa6df408b|b633272edeae45bc948dd7e1a02f0764|70e1145d-c4b1-41db-a73d-61b445b3af9a
[2016.03.31-16.14.45:659][  0]LogAnalytics: [UEEditor.Rocket.Release] AnalyticsET::StartSession
[2016.03.31-16.14.45:675][  0]LogInit: Transaction tracking system initialized
[2016.03.31-16.14.45:689][  0]BlueprintLog: New page: Editor Load
[2016.03.31-16.14.45:732][  0]LocalizationService: Info Localization service is disabled
[2016.03.31-16.14.45:780][  0]LogConsoleResponse:Display: 
[2016.03.31-16.14.45:869][  0]LogCook:Display: Done creating registry. It took  0.00s.
[2016.03.31-16.14.45:899][  0]LogFileCache: Scanning file cache for directory 'C:/Users/Student/Documents/PraktischeUebung5/uebung1/PP5Uebung1/Content/' took 0.01s
[2016.03.31-16.14.45:900][  0]SourceControl: Info Source control is disabled
[2016.03.31-16.14.45:900][  0]Cmd: MAP LOAD FILE="../../../Engine/Content/Maps/Templates/Template_Default.umap" TEMPLATE=1 SHOWPROGRESS=1 FEATURELEVEL=3
[2016.03.31-16.14.45:900][  0]LightingResults: New page: Lighting Build
[2016.03.31-16.14.45:901][  0]MapCheck: New page: Map Check
[2016.03.31-16.14.45:901][  0]LightingResults: New page: Lighting Build
[2016.03.31-16.14.45:910][  0]LogParticles: Destroying 0 GPU particle simulations for FXSystem 0x0000007CBD996AC0
[2016.03.31-16.14.46:087][  0]LogAIModule: Creating AISystem for world Untitled_1
[2016.03.31-16.14.46:090][  0]LogEditorServer: Finished looking for orphan Actors (0.000 secs)
[2016.03.31-16.14.46:094][  0]Cmd: MAP CHECKDEP NOCLEARLOG
[2016.03.31-16.14.46:124][  0]MapCheck: Info Map check complete: 0 Error(s), 0 Warning(s), took 29.767ms to complete.
[2016.03.31-16.14.46:124][  0]LogFileHelpers: Loading map 'Template_Default' took 0.225
[2016.03.31-16.14.46:238][  0]LogCollectionManager: Loaded 0 collections in 0.000878 seconds
[2016.03.31-16.14.46:275][  0]LogFileCache: Scanning file cache for directory 'C:/Users/Student/Documents/PraktischeUebung5/uebung1/PP5Uebung1/Saved/Collections/' took 0.01s
[2016.03.31-16.14.46:275][  0]LogFileCache: Scanning file cache for directory 'C:/Users/Student/Documents/PraktischeUebung5/uebung1/PP5Uebung1/Content/Developers/Student/Collections/' took 0.01s
[2016.03.31-16.14.46:275][  0]LogFileCache: Scanning file cache for directory 'C:/Users/Student/Documents/PraktischeUebung5/uebung1/PP5Uebung1/Content/Collections/' took 0.01s
[2016.03.31-16.14.46:275][  0]LogCollectionManager: Rebuilt the GUID cache for 0 collections in 0.000001 seconds
[2016.03.31-16.14.46:282][  0]LogContentBrowser: Native class hierarchy populated in 0.0066 seconds. Added 1910 classes and 348 folders.
[2016.03.31-16.14.46:495][  0]LogContentBrowser: Native class hierarchy updated for 'WidgetCarousel' in 0.0008 seconds. Added 0 classes and 0 folders.
[2016.03.31-16.14.46:530][  0]LogContentBrowser: Native class hierarchy updated for 'AddContentDialog' in 0.0008 seconds. Added 0 classes and 0 folders.
[2016.03.31-16.14.46:532][  0]LogCrashTracker: Crashtracker disabled due to settings.
[2016.03.31-16.14.46:536][  0]LogUObjectGlobals:Warning: Failed to find object 'Class None.'
[2016.03.31-16.14.46:559][  0]LogLoad: Full Startup: 4.48 seconds (BP compile: 0.03 seconds)
[2016.03.31-16.14.46:567][  0]LogWindowsTextInputMethodSystem:Display: IME system now deactivated.
[2016.03.31-16.14.46:568][  0]LogWindowsTextInputMethodSystem:Display: IME system now deactivated.
[2016.03.31-16.14.46:570][  0]LogOcInput: Can't find Oculus library dev build: is proper Runtime installed? Version: 0.8.0.0
[2016.03.31-16.14.46:608][  0]LogContentStreaming: Texture pool size now 1000 MB
[2016.03.31-16.14.46:728][  0]LogRenderer: Reallocating scene render targets to support 1152x636 (Frame:2).
[2016.03.31-16.14.46:925][  3]LogAssetRegistry: Asset discovery search completed in 1.8207 seconds
[2016.03.31-16.14.46:925][  3]LogCollectionManager: Rebuilt the object cache for 0 collections in 0.000000 seconds (found 0 objects)
[2016.03.31-16.14.46:925][  3]LogCollectionManager: Fixed up redirectors for 0 collections in 0.000015 seconds (updated 0 objects)
[2016.03.31-16.14.54:815][894]LogLinker:Warning: Asset '../../../Engine/Content/ArtTools/RenderToTexture/Macros/RenderToTextureMacros.uasset' has been saved with empty engine version. The asset will be loaded but may be incompatible.
[2016.03.31-16.14.55:149][894]LogContentBrowser: Native class hierarchy updated for 'BlueprintGraph' in 0.0011 seconds. Added 107 classes and 0 folders.
[2016.03.31-16.15.02:182][640]LogProperty:Warning: ObjectProperty /Script/Engine.EdGraphPin:LinkedTo.LinkedTo: unresolved reference to 'EdGraphPin'K2Node_InputAction_60.EdGraphPin_3084''
[2016.03.31-16.15.02:183][640]LogProperty:Warning: ObjectProperty /Script/Engine.EdGraphPin:LinkedTo.LinkedTo: unresolved reference to 'EdGraphPin'K2Node_CallFunction_9464.EdGraphPin_3914''
[2016.03.31-16.15.02:183][640]LogProperty:Warning: ObjectProperty /Script/Engine.EdGraphPin:LinkedTo.LinkedTo: unresolved reference to 'EdGraphPin'K2Node_InputAxisEvent_187.EdGraphPin_3022''
[2016.03.31-16.15.02:183][640]LogProperty:Warning: ObjectProperty /Script/Engine.EdGraphPin:LinkedTo.LinkedTo: unresolved reference to 'EdGraphPin'K2Node_CallFunction_8029.EdGraphPin_3903''
[2016.03.31-16.15.02:183][640]LogProperty:Warning: ObjectProperty /Script/Engine.EdGraphPin:LinkedTo.LinkedTo: unresolved reference to 'EdGraphPin'K2Node_InputAxisEvent_187.EdGraphPin_3023''
[2016.03.31-16.15.02:183][640]LogProperty:Warning: ObjectProperty /Script/Engine.EdGraphPin:LinkedTo.LinkedTo: unresolved reference to 'EdGraphPin'K2Node_InputAxisEvent_197.EdGraphPin_2983''
[2016.03.31-16.15.02:183][640]LogProperty:Warning: ObjectProperty /Script/Engine.EdGraphPin:LinkedTo.LinkedTo: unresolved reference to 'EdGraphPin'K2Node_CallFunction_8520.EdGraphPin_3909''
[2016.03.31-16.15.02:183][640]LogProperty:Warning: ObjectProperty /Script/Engine.EdGraphPin:LinkedTo.LinkedTo: unresolved reference to 'EdGraphPin'K2Node_InputAxisEvent_197.EdGraphPin_2984''
[2016.03.31-16.15.02:184][640]LogLinker:Warning: Can't find file '/Game/FirstPersonBP/Blueprints/FirstPersonCharacter'
[2016.03.31-16.15.02:184][640]LogLinker: Can't find file '/Game/FirstPersonBP/Blueprints/FirstPersonCharacter'
[2016.03.31-16.15.02:184][640]LogProperty:Warning: ObjectProperty /Script/Engine.SimpleMemberReference:MemberParent: unresolved reference to 'BlueprintGeneratedClass'/Game/FirstPersonBP/Blueprints/FirstPersonCharacter.FirstPersonCharacter_C',MemberName="InpAxisEvt_MoveForward_K2Node_InputAxisEvent_181"))'
[2016.03.31-16.15.02:185][640]LogLinker: Can't find file '/Game/FirstPersonBP/Blueprints/FirstPersonCharacter'
[2016.03.31-16.15.02:185][640]LogProperty:Warning: ObjectProperty /Script/Engine.SimpleMemberReference:MemberParent: unresolved reference to 'BlueprintGeneratedClass'/Game/FirstPersonBP/Blueprints/FirstPersonCharacter.FirstPersonCharacter_C',MemberName="InpAxisEvt_MoveRight_K2Node_InputAxisEvent_192"))'
[2016.03.31-16.15.02:197][640]LogActorComponent: UnregisterComponent: (/Engine/Transient.CharMoveComp) Not registered. Aborting.
[2016.03.31-16.15.04:669][919]LogActorComponent: UnregisterComponent: (/Engine/Transient.CharacterMovementComponent_0) Not registered. Aborting.
[2016.03.31-16.15.04:756][919]Cmd: OBJ SAVEPACKAGE PACKAGE="/Game/Blueprints/MyCharacterBlueprint" FILE="C:/Users/Student/Documents/PraktischeUebung5/uebung1/PP5Uebung1/Content/Blueprints/MyCharacterBlueprint.uasset" SILENT=true
[2016.03.31-16.15.04:804][919]LogSavePackage: Save=44.385666ms
[2016.03.31-16.15.04:804][919]LogSavePackage: Moving 'C:/Users/Student/Documents/PraktischeUebung5/uebung1/PP5Uebung1/Saved/MyCharacterBlueprintFB81C3544291C0DB7B6261BFCDBEC10A.tmp' to 'C:/Users/Student/Documents/PraktischeUebung5/uebung1/PP5Uebung1/Content/Blueprints/MyCharacterBlueprint.uasset'
[2016.03.31-16.15.04:807][919]LogSavePackage: Total save time: 49.865182ms
[2016.03.31-16.15.04:807][919]LogSavePackage:Display: Finished SavePackage C:/Users/Student/Documents/PraktischeUebung5/uebung1/PP5Uebung1/Content/Blueprints/MyCharacterBlueprint.uasset
[2016.03.31-16.15.13:104][899]BlueprintLog: New page: Compile MyCharacterBlueprint
[2016.03.31-16.15.13:115][899]LogBlueprint:Warning: [compiler MyCharacterBlueprint] Warning Input Axis Event references unknown Axis 'MoveRight' for  InputAxis MoveRight 
[2016.03.31-16.15.13:115][899]LogBlueprint:Warning: [compiler MyCharacterBlueprint] Warning Input Axis Event references unknown Axis 'MoveForward' for  InputAxis MoveForward 
[2016.03.31-16.15.13:115][899]LogBlueprint:Warning: [compiler MyCharacterBlueprint] Warning InputAction Event references unknown Action 'Jump' for  InputAction Jump 
[2016.03.31-16.15.13:148][899]LogActorComponent: UnregisterComponent: (/Engine/Transient.CharMoveComp) Not registered. Aborting.
[2016.03.31-16.15.13:169][899]LogBlueprint:Warning: [compiler MyCharacterBlueprint] Warning [0031.09] Compile of MyCharacterBlueprint successful, but with 3 Warning(s) [in 64 ms]
[2016.03.31-16.15.13:169][899]BlueprintEditorCompileResults:Warning: Warning Input Axis Event references unknown Axis 'MoveRight' for  InputAxis MoveRight 
[2016.03.31-16.15.13:169][899]BlueprintEditorCompileResults:Warning: Warning Input Axis Event references unknown Axis 'MoveForward' for  InputAxis MoveForward 
[2016.03.31-16.15.13:169][899]BlueprintEditorCompileResults:Warning: Warning InputAction Event references unknown Action 'Jump' for  InputAction Jump 
[2016.03.31-16.15.13:169][899]BlueprintEditorCompileResults:Warning: Warning [0031.09] Compile of MyCharacterBlueprint successful, but with 3 Warning(s) [in 64 ms]
[2016.03.31-16.20.22:463][186]LogActorComponent: UnregisterComponent: (/Engine/Transient.CharMoveComp) Not registered. Aborting.
[2016.03.31-16.20.22:538][186]Cmd: OBJ SAVEPACKAGE PACKAGE="/Game/Blueprints/MyCharacterBlueprint" FILE="C:/Users/Student/Documents/PraktischeUebung5/uebung1/PP5Uebung1/Content/Blueprints/MyCharacterBlueprint.uasset" SILENT=true
[2016.03.31-16.20.22:612][186]LogSavePackage: Save=67.142357ms
[2016.03.31-16.20.22:612][186]LogSavePackage: Moving 'C:/Users/Student/Documents/PraktischeUebung5/uebung1/PP5Uebung1/Saved/MyCharacterBlueprint1F46E9554950BF896336D4855F38862A.tmp' to 'C:/Users/Student/Documents/PraktischeUebung5/uebung1/PP5Uebung1/Content/Blueprints/MyCharacterBlueprint.uasset'
[2016.03.31-16.20.22:615][186]LogSavePackage: Total save time: 75.223718ms
[2016.03.31-16.20.22:615][186]LogSavePackage:Display: Finished SavePackage C:/Users/Student/Documents/PraktischeUebung5/uebung1/PP5Uebung1/Content/Blueprints/MyCharacterBlueprint.uasset
[2016.03.31-16.20.26:681][672]LogEditorViewport: Clicking on Actor (LMB): BP_Sky_Sphere_C (Sky Sphere)
[2016.03.31-16.20.27:226][734]LogActorComponent: UnregisterComponent: (/Engine/Transient.CharMoveComp) Not registered. Aborting.
[2016.03.31-16.20.29:053][933]LogWindowsTextInputMethodSystem:Display: IME system now deactivated.
[2016.03.31-16.20.29:053][933]LogWindowsTextInputMethodSystem:Display: IME system now deactivated.
[2016.03.31-16.20.29:273][934]Cmd: QUIT_EDITOR
[2016.03.31-16.20.29:382][934]LogExit: Preparing to exit.
[2016.03.31-16.20.30:372][934]LogExit: Editor shut down
[2016.03.31-16.20.30:372][934]LogExit: Transaction tracking system shut down
[2016.03.31-16.20.30:373][934]LogParticles: Destroying 0 GPU particle simulations for FXSystem 0x0000007CB12037E0
[2016.03.31-16.20.30:373][934]LogParticles: Destroying 0 GPU particle simulations for FXSystem 0x0000007CC4927880
[2016.03.31-16.20.30:373][934]LogParticles: Destroying 0 GPU particle simulations for FXSystem 0x0000007CC58CF600
[2016.03.31-16.20.30:373][934]LogParticles: Destroying 0 GPU particle simulations for FXSystem 0x0000007CC58CDF80
[2016.03.31-16.20.30:374][934]LogParticles: Destroying 0 GPU particle simulations for FXSystem 0x0000007CC76B0900
[2016.03.31-16.20.30:531][934]LogExit: Object subsystem successfully closed.
[2016.03.31-16.20.30:537][934]LogD3D11RHI: Shutdown
[2016.03.31-16.20.30:537][934]LogD3D11RHI: CleanupD3DDevice
[2016.03.31-16.20.30:573][934]LogD3D11RHI: ~FD3D11DynamicRHI
[2016.03.31-16.20.30:583][934]LogModuleManager: Shutting down and abandoning module CookingStats (203)
[2016.03.31-16.20.30:583][934]LogModuleManager: Shutting down and abandoning module BlueprintGraph (202)
[2016.03.31-16.20.30:583][934]LogModuleManager: Shutting down and abandoning module CrashTracker (201)
[2016.03.31-16.20.30:583][934]LogModuleManager: Shutting down and abandoning module SuperSearch (200)
[2016.03.31-16.20.30:583][934]LogModuleManager: Shutting down and abandoning module WidgetCarousel (199)
[2016.03.31-16.20.30:583][934]LogModuleManager: Shutting down and abandoning module AddContentDialog (198)
[2016.03.31-16.20.30:584][934]LogModuleManager: Shutting down and abandoning module EditorWidgets (197)
[2016.03.31-16.20.30:584][934]LogModuleManager: Shutting down and abandoning module CollectionManager (196)
[2016.03.31-16.20.30:585][934]LogModuleManager: Shutting down and abandoning module SceneOutliner (195)
[2016.03.31-16.20.30:585][934]LogModuleManager: Shutting down and abandoning module StatsViewer (194)
[2016.03.31-16.20.30:585][934]LogModuleManager: Shutting down and abandoning module FoliageEdit (193)
[2016.03.31-16.20.30:585][934]LogModuleManager: Shutting down and abandoning module LandscapeEditor (192)
[2016.03.31-16.20.30:585][934]LogModuleManager: Shutting down and abandoning module ActorPickerMode (191)
[2016.03.31-16.20.30:585][934]LogModuleManager: Shutting down and abandoning module GeometryMode (190)
[2016.03.31-16.20.30:585][934]LogModuleManager: Shutting down and abandoning module TextureAlignMode (189)
[2016.03.31-16.20.30:585][934]LogModuleManager: Shutting down and abandoning module BspMode (188)
[2016.03.31-16.20.30:585][934]LogModuleManager: Shutting down and abandoning module PlacementMode (187)
[2016.03.31-16.20.30:585][934]LogModuleManager: Shutting down and abandoning module AutomationWorker (186)
[2016.03.31-16.20.30:585][934]LogModuleManager: Shutting down and abandoning module CharacterAI (185)
[2016.03.31-16.20.30:585][934]LogModuleManager: Shutting down and abandoning module SmartSnapping (184)
[2016.03.31-16.20.30:585][934]LogModuleManager: Shutting down and abandoning module ViewportSnapping (183)
[2016.03.31-16.20.30:585][934]LogModuleManager: Shutting down and abandoning module LogVisualizer (182)
[2016.03.31-16.20.30:585][934]LogModuleManager: Shutting down and abandoning module GameProjectGeneration (181)
[2016.03.31-16.20.30:585][934]LogModuleManager: Shutting down and abandoning module IntroTutorials (180)
[2016.03.31-16.20.30:585][934]LogModuleManager: Shutting down and abandoning module EditorLiveStreaming (179)
[2016.03.31-16.20.30:585][934]LogModuleManager: Shutting down and abandoning module IOSPlatformEditor (178)
[2016.03.31-16.20.30:585][934]LogModuleManager: Shutting down and abandoning module HTML5PlatformEditor (177)
[2016.03.31-16.20.30:585][934]LogModuleManager: Shutting down and abandoning module AndroidDeviceDetection (176)
[2016.03.31-16.20.30:939][934]LogModuleManager: Shutting down and abandoning module AndroidPlatformEditor (175)
[2016.03.31-16.20.30:939][934]LogModuleManager: Shutting down and abandoning module IOSRuntimeSettings (174)
[2016.03.31-16.20.30:939][934]LogModuleManager: Shutting down and abandoning module AndroidRuntimeSettings (173)
[2016.03.31-16.20.30:939][934]LogModuleManager: Shutting down and abandoning module MergeActors (172)
[2016.03.31-16.20.30:939][934]LogModuleManager: Shutting down and abandoning module SizeMap (171)
[2016.03.31-16.20.30:939][934]LogModuleManager: Shutting down and abandoning module TreeMap (170)
[2016.03.31-16.20.30:939][934]LogModuleManager: Shutting down and abandoning module ReferenceViewer (169)
[2016.03.31-16.20.30:939][934]LogModuleManager: Shutting down and abandoning module LocalizationService (168)
[2016.03.31-16.20.30:939][934]LogModuleManager: Shutting down and abandoning module LocalizationDashboard (167)
[2016.03.31-16.20.30:939][934]LogModuleManager: Shutting down and abandoning module HardwareTargeting (166)
[2016.03.31-16.20.30:939][934]LogModuleManager: Shutting down and abandoning module DeviceProfileEditor (165)
[2016.03.31-16.20.30:939][934]LogModuleManager: Shutting down and abandoning module UndoHistory (164)
[2016.03.31-16.20.30:939][934]LogModuleManager: Shutting down and abandoning module GameplayTagsEditor (163)
[2016.03.31-16.20.30:939][934]LogModuleManager: Shutting down and abandoning module UserFeedback (162)
[2016.03.31-16.20.30:939][934]LogModuleManager: Shutting down and abandoning module XmlParser (161)
[2016.03.31-16.20.30:939][934]LogModuleManager: Shutting down and abandoning module Blutility (160)
[2016.03.31-16.20.30:939][934]LogModuleManager: Shutting down and abandoning module ProjectTargetPlatformEditor (159)
[2016.03.31-16.20.30:939][934]LogModuleManager: Shutting down and abandoning module ProjectSettingsViewer (158)
[2016.03.31-16.20.30:939][934]LogModuleManager: Shutting down and abandoning module InputBindingEditor (157)
[2016.03.31-16.20.30:939][934]LogModuleManager: Shutting down and abandoning module EditorSettingsViewer (156)
[2016.03.31-16.20.30:939][934]LogModuleManager: Shutting down and abandoning module SettingsEditor (155)
[2016.03.31-16.20.30:939][934]LogModuleManager: Shutting down and abandoning module ProjectLauncher (154)
[2016.03.31-16.20.30:939][934]LogModuleManager: Shutting down and abandoning module SessionFrontend (153)
[2016.03.31-16.20.30:939][934]LogModuleManager: Shutting down and abandoning module ProfilerClient (152)
[2016.03.31-16.20.30:939][934]LogModuleManager: Shutting down and abandoning module TargetDeviceServices (151)
[2016.03.31-16.20.30:939][934]LogModuleManager: Shutting down and abandoning module DeviceManager (150)
[2016.03.31-16.20.30:940][934]LogModuleManager: Shutting down and abandoning module AutomationController (149)
[2016.03.31-16.20.30:940][934]LogModuleManager: Shutting down and abandoning module AutomationWindow (148)
[2016.03.31-16.20.30:940][934]LogModuleManager: Shutting down and abandoning module Layers (147)
[2016.03.31-16.20.30:940][934]LogModuleManager: Shutting down and abandoning module ComponentVisualizers (146)
[2016.03.31-16.20.30:940][934]LogModuleManager: Shutting down and abandoning module DetailCustomizations (145)
[2016.03.31-16.20.30:940][934]LogModuleManager: Shutting down and abandoning module PackagesDialog (144)
[2016.03.31-16.20.30:940][934]LogModuleManager: Shutting down and abandoning module Persona (143)
[2016.03.31-16.20.30:940][934]LogModuleManager: Shutting down and abandoning module Kismet (142)
[2016.03.31-16.20.30:940][934]LogModuleManager: Shutting down and abandoning module GraphEditor (141)
[2016.03.31-16.20.30:940][934]LogModuleManager: Shutting down and abandoning module ClassViewer (140)
[2016.03.31-16.20.30:940][934]LogModuleManager: Shutting down and abandoning module Toolbox (139)
[2016.03.31-16.20.30:940][934]LogModuleManager: Shutting down and abandoning module ModuleUI (138)
[2016.03.31-16.20.30:940][934]LogModuleManager: Shutting down and abandoning module MovieSceneTools (137)
[2016.03.31-16.20.30:940][934]LogModuleManager: Shutting down and abandoning module OutputLog (136)
[2016.03.31-16.20.30:940][934]LogModuleManager: Shutting down and abandoning module GammaUI (135)
[2016.03.31-16.20.30:940][934]LogModuleManager: Shutting down and abandoning module Documentation (134)
[2016.03.31-16.20.30:940][934]LogModuleManager: Shutting down and abandoning module GameLiveStreaming (133)
[2016.03.31-16.20.30:940][934]LogModuleManager: Shutting down and abandoning module StreamingPauseRendering (132)
[2016.03.31-16.20.30:940][934]LogModuleManager: Shutting down and abandoning module AnalyticsET (131)
[2016.03.31-16.20.30:940][934]LogModuleManager: Shutting down and abandoning module Analytics (130)
[2016.03.31-16.20.30:940][934]LogModuleManager: Shutting down and abandoning module AITestSuite (129)
[2016.03.31-16.20.30:940][934]LogModuleManager: Shutting down and abandoning module GameplayDebugger (128)
[2016.03.31-16.20.30:940][934]LogModuleManager: Shutting down and abandoning module AIModule (127)
[2016.03.31-16.20.30:940][934]LogModuleManager: Shutting down and abandoning module ProfilerService (126)
[2016.03.31-16.20.31:058][934]LogModuleManager: Shutting down and abandoning module TaskGraph (125)
[2016.03.31-16.20.31:058][934]LogModuleManager: Shutting down and abandoning module SubstanceEditor (124)
[2016.03.31-16.20.31:058][934]LogModuleManager: Shutting down and abandoning module SlateRemote (123)
[2016.03.31-16.20.31:058][934]LogModuleManager: Shutting down and abandoning module SteamVRController (122)
[2016.03.31-16.20.31:058][934]LogModuleManager: Shutting down and abandoning module SteamVR (121)
[2016.03.31-16.20.31:058][934]LogModuleManager: Shutting down and abandoning module ProceduralMeshComponent (120)
[2016.03.31-16.20.31:058][934]LogModuleManager: Shutting down and abandoning module OculusLibrary (119)
[2016.03.31-16.20.31:058][934]LogModuleManager: Shutting down and abandoning module OculusInput (118)
[2016.03.31-16.20.31:058][934]LogModuleManager: Shutting down and abandoning module LeapMotionController (117)
[2016.03.31-16.20.31:076][934]LogModuleManager: Shutting down and abandoning module CustomMeshComponent (116)
[2016.03.31-16.20.31:076][934]LogModuleManager: Shutting down and abandoning module CableComponent (115)
[2016.03.31-16.20.31:076][934]LogModuleManager: Shutting down and abandoning module ArchVisCharacter (114)
[2016.03.31-16.20.31:076][934]LogModuleManager: Shutting down and abandoning module MessagingDebugger (113)
[2016.03.31-16.20.31:076][934]LogModuleManager: Shutting down and abandoning module MediaPlayerEditor (112)
[2016.03.31-16.20.31:076][934]LogModuleManager: Shutting down and abandoning module HTML5Networking (111)
[2016.03.31-16.20.31:076][934]LogModuleManager: Shutting down and abandoning module SpeedTreeImporter (110)
[2016.03.31-16.20.31:076][934]LogModuleManager: Shutting down and abandoning module PluginBrowser (109)
[2016.03.31-16.20.31:076][934]LogModuleManager: Shutting down and abandoning module EpicSurvey (108)
[2016.03.31-16.20.31:076][934]LogModuleManager: Shutting down and abandoning module DesktopPlatform (107)
[2016.03.31-16.20.31:076][934]LogModuleManager: Shutting down and abandoning module VisualStudioSourceCodeAccess (106)
[2016.03.31-16.20.31:076][934]LogModuleManager: Shutting down and abandoning module UObjectPlugin (105)
[2016.03.31-16.20.31:076][934]LogModuleManager: Shutting down and abandoning module SubversionSourceControl (104)
[2016.03.31-16.20.31:076][934]LogModuleManager: Shutting down and abandoning module PerforceSourceControl (103)
[2016.03.31-16.20.31:076][934]LogModuleManager: Shutting down and abandoning module SourceControl (102)
[2016.03.31-16.20.31:076][934]LogModuleManager: Shutting down and abandoning module GitSourceControl (101)
[2016.03.31-16.20.31:076][934]LogModuleManager: Shutting down and abandoning module LightPropagationVolumeEditor (100)
[2016.03.31-16.20.31:076][934]LogModuleManager: Shutting down and abandoning module PaperTiledImporter (99)
[2016.03.31-16.20.31:076][934]LogModuleManager: Shutting down and abandoning module PaperSpriteSheetImporter (98)
[2016.03.31-16.20.31:076][934]LogModuleManager: Shutting down and abandoning module MeshPaint (97)
[2016.03.31-16.20.31:076][934]LogModuleManager: Shutting down and abandoning module SlateReflector (96)
[2016.03.31-16.20.31:076][934]LogModuleManager: Shutting down and abandoning module HotReload (95)
[2016.03.31-16.20.31:076][934]LogModuleManager: Shutting down and abandoning module MainFrame (94)
[2016.03.31-16.20.31:077][934]LogModuleManager: Shutting down and abandoning module LevelEditor (93)
[2016.03.31-16.20.31:077][934]LogModuleManager: Shutting down and abandoning module ContentBrowser (92)
[2016.03.31-16.20.31:078][934]LogModuleManager: Shutting down and abandoning module Paper2DEditor (91)
[2016.03.31-16.20.31:078][934]LogModuleManager: Shutting down and abandoning module PP5Uebung1 (90)
[2016.03.31-16.20.31:078][934]LogModuleManager: Shutting down and abandoning module UdpMessaging (89)
[2016.03.31-16.20.31:179][934]LogModuleManager: Shutting down and abandoning module DirectoryWatcher (88)
[2016.03.31-16.20.31:179][934]LogModuleManager: Shutting down and abandoning module AssetRegistry (87)
[2016.03.31-16.20.31:228][934]LogModuleManager: Shutting down and abandoning module SubstanceCore (86)
[2016.03.31-16.20.31:228][934]LogModuleManager: Shutting down and abandoning module LightPropagationVolumeRuntime (85)
[2016.03.31-16.20.31:228][934]LogModuleManager: Shutting down and abandoning module Paper2D (84)
[2016.03.31-16.20.31:228][934]LogModuleManager: Shutting down and abandoning module WindowsMoviePlayer (83)
[2016.03.31-16.20.31:231][934]LogModuleManager: Shutting down and abandoning module Media (82)
[2016.03.31-16.20.31:231][934]LogModuleManager: Shutting down and abandoning module WmfMedia (81)
[2016.03.31-16.20.31:231][934]LogModuleManager: Shutting down and abandoning module OnlineBlueprintSupport (80)
[2016.03.31-16.20.31:231][934]LogModuleManager: Shutting down and abandoning module GameplayTasksEditor (79)
[2016.03.31-16.20.31:231][934]LogModuleManager: Shutting down and abandoning module PropertyEditor (78)
[2016.03.31-16.20.31:231][934]LogModuleManager: Shutting down and abandoning module BehaviorTreeEditor (77)
[2016.03.31-16.20.31:231][934]LogModuleManager: Shutting down and abandoning module FunctionalTesting (76)
[2016.03.31-16.20.31:231][934]LogModuleManager: Shutting down and abandoning module CollisionAnalyzer (75)
[2016.03.31-16.20.31:231][934]LogModuleManager: Shutting down and abandoning module WorkspaceMenuStructure (74)
[2016.03.31-16.20.31:231][934]LogModuleManager: Shutting down and abandoning module MessageLog (73)
[2016.03.31-16.20.31:231][934]LogModuleManager: Shutting down and abandoning module Sequencer (72)
[2016.03.31-16.20.31:231][934]LogModuleManager: Shutting down and abandoning module AssetTools (71)
[2016.03.31-16.20.31:231][934]LogModuleManager: Shutting down and abandoning module UMGEditor (70)
[2016.03.31-16.20.31:231][934]LogModuleManager: Shutting down and abandoning module UMG (69)
[2016.03.31-16.20.31:231][934]LogModuleManager: Shutting down and abandoning module Slate (68)
[2016.03.31-16.20.31:231][934]LogModuleManager: Shutting down and abandoning module EditorStyle (67)
[2016.03.31-16.20.31:233][934]LogModuleManager: Shutting down and abandoning module SessionServices (66)
[2016.03.31-16.20.31:233][934]LogModuleManager: Shutting down and abandoning module SourceCodeAccess (65)
[2016.03.31-16.20.31:233][934]LogModuleManager: Shutting down and abandoning module HeadMountedDisplay (64)
[2016.03.31-16.20.31:233][934]LogModuleManager: Shutting down and abandoning module XAudio2 (63)
[2016.03.31-16.20.31:233][934]LogModuleManager: Shutting down and abandoning module Networking (61)
[2016.03.31-16.20.31:233][934]LogModuleManager: Shutting down and abandoning module Core (60)
[2016.03.31-16.20.31:233][934]LogModuleManager: Shutting down and abandoning module KismetCompiler (59)
[2016.03.31-16.20.31:233][934]LogModuleManager: Shutting down and abandoning module PhysXFormats (58)
[2016.03.31-16.20.31:233][934]LogModuleManager: Shutting down and abandoning module MeshUtilities (57)
[2016.03.31-16.20.31:233][934]LogModuleManager: Shutting down and abandoning module DerivedDataCache (56)
[2016.03.31-16.20.31:249][934]LogDerivedDataCache: Shutdown
[2016.03.31-16.20.31:249][934]LogModuleManager: Shutting down and abandoning module ShaderFormatOpenGL (55)
[2016.03.31-16.20.31:249][934]LogModuleManager: Shutting down and abandoning module ShaderFormatD3D (54)
[2016.03.31-16.20.31:249][934]LogModuleManager: Shutting down and abandoning module MetalShaderFormat (53)
[2016.03.31-16.20.31:249][934]LogModuleManager: Shutting down and abandoning module TextureFormatUncompressed (52)
[2016.03.31-16.20.31:249][934]LogModuleManager: Shutting down and abandoning module TextureFormatPVR (51)
[2016.03.31-16.20.31:249][934]LogModuleManager: Shutting down and abandoning module TextureFormatIntelISPCTexComp (50)
[2016.03.31-16.20.31:249][934]LogModuleManager: Shutting down and abandoning module TextureFormatDXT (49)
[2016.03.31-16.20.31:249][934]LogModuleManager: Shutting down and abandoning module ImageWrapper (48)
[2016.03.31-16.20.31:249][934]LogModuleManager: Shutting down and abandoning module TextureFormatASTC (47)
[2016.03.31-16.20.31:249][934]LogModuleManager: Shutting down and abandoning module TextureFormatAndroid (46)
[2016.03.31-16.20.31:249][934]LogModuleManager: Shutting down and abandoning module AudioFormatOpus (45)
[2016.03.31-16.20.31:249][934]LogModuleManager: Shutting down and abandoning module AudioFormatOgg (44)
[2016.03.31-16.20.31:249][934]LogModuleManager: Shutting down and abandoning module AudioFormatADPCM (43)
[2016.03.31-16.20.31:249][934]LogModuleManager: Shutting down and abandoning module LinuxTargetPlatform (42)
[2016.03.31-16.20.31:249][934]LogModuleManager: Shutting down and abandoning module LinuxServerTargetPlatform (41)
[2016.03.31-16.20.31:249][934]LogModuleManager: Shutting down and abandoning module LinuxNoEditorTargetPlatform (40)
[2016.03.31-16.20.31:249][934]LogModuleManager: Shutting down and abandoning module Messaging (39)
[2016.03.31-16.20.31:249][934]LogModuleManager: Shutting down and abandoning module IOSTargetPlatform (38)
[2016.03.31-16.20.31:249][934]LogModuleManager: Shutting down and abandoning module HTML5TargetPlatform (37)
[2016.03.31-16.20.31:249][934]LogModuleManager: Shutting down and abandoning module Android_PVRTCTargetPlatform (36)
[2016.03.31-16.20.31:249][934]LogModuleManager: Shutting down and abandoning module Android_MultiTargetPlatform (35)
[2016.03.31-16.20.31:249][934]LogModuleManager: Shutting down and abandoning module Android_ETC2TargetPlatform (34)
[2016.03.31-16.20.31:249][934]LogModuleManager: Shutting down and abandoning module Android_ETC1TargetPlatform (33)
[2016.03.31-16.20.31:249][934]LogModuleManager: Shutting down and abandoning module Android_DXTTargetPlatform (32)
[2016.03.31-16.20.31:249][934]LogModuleManager: Shutting down and abandoning module Android_ATCTargetPlatform (31)
[2016.03.31-16.20.31:249][934]LogModuleManager: Shutting down and abandoning module Android_ASTCTargetPlatform (30)
[2016.03.31-16.20.31:249][934]LogModuleManager: Shutting down and abandoning module AndroidTargetPlatform (29)
[2016.03.31-16.20.31:249][934]LogModuleManager: Shutting down and abandoning module WindowsTargetPlatform (28)
[2016.03.31-16.20.31:249][934]LogModuleManager: Shutting down and abandoning module WindowsServerTargetPlatform (27)
[2016.03.31-16.20.31:249][934]LogModuleManager: Shutting down and abandoning module WindowsNoEditorTargetPlatform (26)
[2016.03.31-16.20.31:249][934]LogModuleManager: Shutting down and abandoning module WindowsClientTargetPlatform (25)
[2016.03.31-16.20.31:249][934]LogModuleManager: Shutting down and abandoning module AllDesktopTargetPlatform (24)
[2016.03.31-16.20.31:249][934]LogModuleManager: Shutting down and abandoning module TargetPlatform (23)
[2016.03.31-16.20.31:249][934]LogModuleManager: Shutting down and abandoning module InputCore (22)
[2016.03.31-16.20.31:249][934]LogModuleManager: Shutting down and abandoning module Settings (21)
[2016.03.31-16.20.31:249][934]LogModuleManager: Shutting down and abandoning module OnlineSubsystem (19)
[2016.03.31-16.20.31:249][934]LogModuleManager: Shutting down and abandoning module HTTP (18)
[2016.03.31-16.20.33:252][934]LogModuleManager: Shutting down and abandoning module XMPP (17)
[2016.03.31-16.20.33:252][934]LogModuleManager: Shutting down and abandoning module OculusRift (16)
[2016.03.31-16.20.33:252][934]LogModuleManager: Shutting down and abandoning module ExampleDeviceProfileSelector (15)
[2016.03.31-16.20.33:252][934]LogModuleManager: Shutting down and abandoning module TextureCompressor (14)
[2016.03.31-16.20.33:252][934]LogModuleManager: Shutting down and abandoning module ShaderCore (13)
[2016.03.31-16.20.33:252][934]LogModuleManager: Shutting down and abandoning module Landscape (12)
[2016.03.31-16.20.33:252][934]LogModuleManager: Shutting down and abandoning module SlateRHIRenderer (11)
[2016.03.31-16.20.33:253][934]LogModuleManager: Shutting down and abandoning module OpenGLDrv (10)
[2016.03.31-16.20.33:253][934]LogModuleManager: Shutting down and abandoning module D3D11RHI (9)
[2016.03.31-16.20.33:253][934]LogModuleManager: Shutting down and abandoning module AnimGraphRuntime (8)
[2016.03.31-16.20.33:253][934]LogModuleManager: Shutting down and abandoning module Renderer (7)
[2016.03.31-16.20.33:253][934]LogModuleManager: Shutting down and abandoning module Engine (6)
[2016.03.31-16.20.33:253][934]LogModuleManager: Shutting down and abandoning module CoreUObject (5)
[2016.03.31-16.20.33:253][934]LogModuleManager: Shutting down and abandoning module NetworkFile (4)
[2016.03.31-16.20.33:253][934]LogModuleManager: Shutting down and abandoning module StreamingFile (3)
[2016.03.31-16.20.33:253][934]LogModuleManager: Shutting down and abandoning module SandboxFile (2)
[2016.03.31-16.20.33:253][934]LogModuleManager: Shutting down and abandoning module PakFile (1)
[2016.03.31-16.20.33:254][934]LogExit: Exiting.
[2016.03.31-16.20.33:255][934]Log file closed, 03/31/16 18:20:33
